modules/shell-exec/android/build/intermediates/manifest_merge_blame_file/release/processReleaseManifest/manifest-merger-blame-release-report.txt
1<?xml version="1.0" encoding="utf-8"?>
2<manifest xmlns:android="http://schemas.android.com/apk/res/android"
3    package="expo.modules.shellexec" >
4
5    <uses-sdk android:minSdkVersion="24" />
6
7    <application>
7-->src/main/AndroidManifest.xml:2:3-11:17
8
9        <!-- Required for the Shizuku binder to reach this app. -->
10        <provider
10-->src/main/AndroidManifest.xml:4:5-10:76
11            android:name="rikka.shizuku.ShizukuProvider"
11-->src/main/AndroidManifest.xml:5:7-51
12            android:authorities="${applicationId}.shizuku"
12-->src/main/AndroidManifest.xml:6:7-53
13            android:enabled="true"
13-->src/main/AndroidManifest.xml:8:7-29
14            android:exported="true"
14-->src/main/AndroidManifest.xml:9:7-30
15            android:multiprocess="false"
15-->src/main/AndroidManifest.xml:7:7-35
16            android:permission="android.permission.INTERACT_ACROSS_USERS_FULL" />
16-->src/main/AndroidManifest.xml:10:7-73
17    </application>
18
19</manifest>